android/app/build/intermediates/manifest_merge_blame_file/debug/manifest-merger-blame-debug-report.txt
1<?xml version="1.0" encoding="utf-8"?>
2<manifest xmlns:android="http://schemas.android.com/apk/res/android"
3    package="com.bracketsdevphone"
4    android:versionCode="1"
5    android:versionName="1.0" >
6
7    <uses-sdk
8        android:minSdkVersion="21"
9        android:targetSdkVersion="34" />
10
11    <uses-permission android:name="android.permission.INTERNET" />
11-->src/main/AndroidManifest.xml:4:5-67
11-->src/main/AndroidManifest.xml:4:22-64
12    <uses-permission android:name="android.permission.USE_FULL_SCREEN_INTENT" />
12-->src/main/AndroidManifest.xml:5:5-81
12-->src/main/AndroidManifest.xml:5:22-78
13    <uses-permission android:name="android.permission.FOREGROUND_SERVICE" />
13-->src/main/AndroidManifest.xml:6:5-77
13-->src/main/AndroidManifest.xml:6:22-74
14    <uses-permission android:name="android.permission.WAKE_LOCK" />
14-->src/main/AndroidManifest.xml:7:5-68
14-->src/main/AndroidManifest.xml:7:22-65
15    <uses-permission android:name="android.permission.VIBRATE" />
15-->src/main/AndroidManifest.xml:8:5-66
15-->src/main/AndroidManifest.xml:8:22-63
16    <uses-permission android:name="android.permission.RECEIVE_BOOT_COMPLETED" />
16-->src/main/AndroidManifest.xml:9:5-81
16-->src/main/AndroidManifest.xml:9:22-78
17    <uses-permission android:name="android.permission.WRITE_CONTACTS" />
17-->src/main/AndroidManifest.xml:10:5-73
17-->src/main/AndroidManifest.xml:10:22-70
18    <uses-permission android:name="android.permission.READ_CONTACTS" />
18-->src/main/AndroidManifest.xml:11:5-72
18-->src/main/AndroidManifest.xml:11:22-69
19    <uses-permission android:name="android.permission.POST_NOTIFICATIONS" />
19-->src/main/AndroidManifest.xml:12:5-76
19-->src/main/AndroidManifest.xml:12:22-74
20    <uses-permission android:name="android.permission.READ_PROFILE" />
20-->src/main/AndroidManifest.xml:13:5-71
20-->src/main/AndroidManifest.xml:13:22-68
21    <uses-permission android:name="android.permission.SCHEDULE_EXACT_ALARM" />
21-->src/main/AndroidManifest.xml:14:5-79
21-->src/main/AndroidManifest.xml:14:22-76
22    <uses-permission android:name="android.permission.USE_EXACT_ALARM" />
22-->src/main/AndroidManifest.xml:15:5-74
22-->src/main/AndroidManifest.xml:15:22-71
23    <uses-permission android:name="android.permission.ACCESS_NETWORK_STATE" />
23-->[:react-native-firebase_messaging] AndroidManifest.xml:9:5-79
23-->[:react-native-firebase_messaging] AndroidManifest.xml:9:22-76
24    <uses-permission android:name="android.permission.DISABLE_KEYGUARD" />
24-->[:twilio_voice-react-native-sdk] AndroidManifest.xml:7:5-75
24-->[:twilio_voice-react-native-sdk] AndroidManifest.xml:7:22-72
25    <!--
26    This manifest file is used only by Gradle to configure debug-only capabilities
27    for React Native Apps.
28    -->
29    <uses-permission android:name="android.permission.SYSTEM_ALERT_WINDOW" /> <!-- Required by older versions of Google Play services to create IID tokens -->
29-->[com.facebook.react:react-android:0.73.1] AndroidManifest.xml:16:5-78
29-->[com.facebook.react:react-android:0.73.1] AndroidManifest.xml:16:22-75
30    <uses-permission android:name="com.google.android.c2dm.permission.RECEIVE" />
30-->[com.google.firebase:firebase-messaging:23.4.0] AndroidManifest.xml:26:5-82
30-->[com.google.firebase:firebase-messaging:23.4.0] AndroidManifest.xml:26:22-79
31    <uses-permission android:name="com.google.android.gms.permission.AD_ID" />
31-->[com.google.android.gms:play-services-measurement-api:21.5.0] AndroidManifest.xml:25:5-79
31-->[com.google.android.gms:play-services-measurement-api:21.5.0] AndroidManifest.xml:25:22-76
32    <uses-permission android:name="android.permission.ACCESS_ADSERVICES_ATTRIBUTION" />
32-->[com.google.android.gms:play-services-measurement-api:21.5.0] AndroidManifest.xml:26:5-88
32-->[com.google.android.gms:play-services-measurement-api:21.5.0] AndroidManifest.xml:26:22-85
33    <uses-permission android:name="android.permission.ACCESS_ADSERVICES_AD_ID" />
33-->[com.google.android.gms:play-services-measurement-api:21.5.0] AndroidManifest.xml:27:5-82
33-->[com.google.android.gms:play-services-measurement-api:21.5.0] AndroidManifest.xml:27:22-79
34    <uses-permission android:name="android.permission.ACCESS_WIFI_STATE" />
34-->[com.facebook.flipper:flipper:0.201.0] AndroidManifest.xml:14:5-76
34-->[com.facebook.flipper:flipper:0.201.0] AndroidManifest.xml:14:22-73
35    <uses-permission android:name="com.google.android.finsky.permission.BIND_GET_INSTALL_REFERRER_SERVICE" />
35-->[com.google.android.gms:play-services-measurement:21.5.0] AndroidManifest.xml:26:5-110
35-->[com.google.android.gms:play-services-measurement:21.5.0] AndroidManifest.xml:26:22-107
36    <uses-permission
36-->[com.twilio:audioswitch:1.1.8] AndroidManifest.xml:9:5-11:38
37        android:name="android.permission.BLUETOOTH"
37-->[com.twilio:audioswitch:1.1.8] AndroidManifest.xml:10:9-52
38        android:maxSdkVersion="30" />
38-->[com.twilio:audioswitch:1.1.8] AndroidManifest.xml:11:9-35
39    <uses-permission android:name="android.permission.BLUETOOTH_CONNECT" />
39-->[com.twilio:audioswitch:1.1.8] AndroidManifest.xml:12:5-76
39-->[com.twilio:audioswitch:1.1.8] AndroidManifest.xml:12:22-73
40    <uses-permission android:name="android.permission.MODIFY_AUDIO_SETTINGS" />
40-->[com.twilio:audioswitch:1.1.8] AndroidManifest.xml:13:5-80
40-->[com.twilio:audioswitch:1.1.8] AndroidManifest.xml:13:22-77
41
42    <permission
42-->[androidx.core:core:1.10.1] AndroidManifest.xml:22:5-24:47
43        android:name="com.bracketsdevphone.DYNAMIC_RECEIVER_NOT_EXPORTED_PERMISSION"
43-->[androidx.core:core:1.10.1] AndroidManifest.xml:23:9-81
44        android:protectionLevel="signature" />
44-->[androidx.core:core:1.10.1] AndroidManifest.xml:24:9-44
45
46    <uses-permission android:name="com.bracketsdevphone.DYNAMIC_RECEIVER_NOT_EXPORTED_PERMISSION" />
46-->[androidx.core:core:1.10.1] AndroidManifest.xml:26:5-97
46-->[androidx.core:core:1.10.1] AndroidManifest.xml:26:22-94
47    <uses-permission android:name="android.permission.RECORD_AUDIO" />
47-->[com.twilio:voice-android:6.3.3] AndroidManifest.xml:8:5-71
47-->[com.twilio:voice-android:6.3.3] AndroidManifest.xml:8:22-68
48    <uses-permission
48-->[app.notifee:core:202108261754] AndroidManifest.xml:18:5-20:38
49        android:name="android.permission.BROADCAST_CLOSE_SYSTEM_DIALOGS"
49-->[app.notifee:core:202108261754] AndroidManifest.xml:19:9-73
50        android:maxSdkVersion="30" /> <!-- For Xiaomi devices to enable heads-up notifications as default (https://github.com/invertase/notifee/issues/296) -->
50-->[app.notifee:core:202108261754] AndroidManifest.xml:20:9-35
51    <uses-permission
51-->[app.notifee:core:202108261754] AndroidManifest.xml:22:5-24:38
52        android:name="android.permission.ACCESS_NOTIFICATION_POLICY"
52-->[app.notifee:core:202108261754] AndroidManifest.xml:23:9-69
53        android:minSdkVersion="23" /> <!-- for android -->
53-->[app.notifee:core:202108261754] AndroidManifest.xml:24:9-35
54    <!-- <uses-permission android:name="com.android.launcher.permission.READ_SETTINGS"/> -->
55    <!-- <uses-permission android:name="com.android.launcher.permission.WRITE_SETTINGS"/> -->
56    <!-- <uses-permission android:name="com.android.launcher.permission.INSTALL_SHORTCUT" /> -->
57    <!-- <uses-permission android:name="com.android.launcher.permission.UNINSTALL_SHORTCUT" /> -->
58    <!-- for Samsung -->
59    <uses-permission android:name="com.sec.android.provider.badge.permission.READ" />
59-->[me.leolin:ShortcutBadger:1.1.22] AndroidManifest.xml:19:5-86
59-->[me.leolin:ShortcutBadger:1.1.22] AndroidManifest.xml:19:22-83
60    <uses-permission android:name="com.sec.android.provider.badge.permission.WRITE" /> <!-- for htc -->
60-->[me.leolin:ShortcutBadger:1.1.22] AndroidManifest.xml:20:5-87
60-->[me.leolin:ShortcutBadger:1.1.22] AndroidManifest.xml:20:22-84
61    <uses-permission android:name="com.htc.launcher.permission.READ_SETTINGS" />
61-->[me.leolin:ShortcutBadger:1.1.22] AndroidManifest.xml:23:5-81
61-->[me.leolin:ShortcutBadger:1.1.22] AndroidManifest.xml:23:22-78
62    <uses-permission android:name="com.htc.launcher.permission.UPDATE_SHORTCUT" /> <!-- for sony -->
62-->[me.leolin:ShortcutBadger:1.1.22] AndroidManifest.xml:24:5-83
62-->[me.leolin:ShortcutBadger:1.1.22] AndroidManifest.xml:24:22-80
63    <uses-permission android:name="com.sonyericsson.home.permission.BROADCAST_BADGE" />
63-->[me.leolin:ShortcutBadger:1.1.22] AndroidManifest.xml:27:5-88
63-->[me.leolin:ShortcutBadger:1.1.22] AndroidManifest.xml:27:22-85
64    <uses-permission android:name="com.sonymobile.home.permission.PROVIDER_INSERT_BADGE" /> <!-- for apex -->
64-->[me.leolin:ShortcutBadger:1.1.22] AndroidManifest.xml:28:5-92
64-->[me.leolin:ShortcutBadger:1.1.22] AndroidManifest.xml:28:22-89
65    <uses-permission android:name="com.anddoes.launcher.permission.UPDATE_COUNT" /> <!-- for solid -->
65-->[me.leolin:ShortcutBadger:1.1.22] AndroidManifest.xml:31:5-84
65-->[me.leolin:ShortcutBadger:1.1.22] AndroidManifest.xml:31:22-81
66    <uses-permission android:name="com.majeur.launcher.permission.UPDATE_BADGE" /> <!-- for huawei -->
66-->[me.leolin:ShortcutBadger:1.1.22] AndroidManifest.xml:34:5-83
66-->[me.leolin:ShortcutBadger:1.1.22] AndroidManifest.xml:34:22-80
67    <uses-permission android:name="com.huawei.android.launcher.permission.CHANGE_BADGE" />
67-->[me.leolin:ShortcutBadger:1.1.22] AndroidManifest.xml:37:5-91
67-->[me.leolin:ShortcutBadger:1.1.22] AndroidManifest.xml:37:22-88
68    <uses-permission android:name="com.huawei.android.launcher.permission.READ_SETTINGS" />
68-->[me.leolin:ShortcutBadger:1.1.22] AndroidManifest.xml:38:5-92
68-->[me.leolin:ShortcutBadger:1.1.22] AndroidManifest.xml:38:22-89
69    <uses-permission android:name="com.huawei.android.launcher.permission.WRITE_SETTINGS" /> <!-- for ZUK -->
69-->[me.leolin:ShortcutBadger:1.1.22] AndroidManifest.xml:39:5-93
69-->[me.leolin:ShortcutBadger:1.1.22] AndroidManifest.xml:39:22-90
70    <uses-permission android:name="android.permission.READ_APP_BADGE" /> <!-- for OPPO -->
70-->[me.leolin:ShortcutBadger:1.1.22] AndroidManifest.xml:42:5-73
70-->[me.leolin:ShortcutBadger:1.1.22] AndroidManifest.xml:42:22-70
71    <uses-permission android:name="com.oppo.launcher.permission.READ_SETTINGS" />
71-->[me.leolin:ShortcutBadger:1.1.22] AndroidManifest.xml:45:5-82
71-->[me.leolin:ShortcutBadger:1.1.22] AndroidManifest.xml:45:22-79
72    <uses-permission android:name="com.oppo.launcher.permission.WRITE_SETTINGS" /> <!-- for EvMe -->
72-->[me.leolin:ShortcutBadger:1.1.22] AndroidManifest.xml:46:5-83
72-->[me.leolin:ShortcutBadger:1.1.22] AndroidManifest.xml:46:22-80
73    <uses-permission android:name="me.everything.badger.permission.BADGE_COUNT_READ" />
73-->[me.leolin:ShortcutBadger:1.1.22] AndroidManifest.xml:49:5-88
73-->[me.leolin:ShortcutBadger:1.1.22] AndroidManifest.xml:49:22-85
74    <uses-permission android:name="me.everything.badger.permission.BADGE_COUNT_WRITE" />
74-->[me.leolin:ShortcutBadger:1.1.22] AndroidManifest.xml:50:5-89
74-->[me.leolin:ShortcutBadger:1.1.22] AndroidManifest.xml:50:22-86
75
76    <application
76-->src/main/AndroidManifest.xml:17:5-67:19
77        android:name="com.bracketsdevphone.MainApplication"
77-->src/main/AndroidManifest.xml:18:7-38
78        android:allowBackup="false"
78-->src/main/AndroidManifest.xml:22:7-34
79        android:appComponentFactory="androidx.core.app.CoreComponentFactory"
79-->[androidx.core:core:1.10.1] AndroidManifest.xml:28:18-86
80        android:debuggable="true"
81        android:extractNativeLibs="true"
82        android:icon="@mipmap/ic_launcher"
82-->src/main/AndroidManifest.xml:20:7-41
83        android:label="@string/app_name"
83-->src/main/AndroidManifest.xml:19:7-39
84        android:roundIcon="@mipmap/ic_launcher_round"
84-->src/main/AndroidManifest.xml:21:7-52
85        android:theme="@style/AppTheme"
85-->src/main/AndroidManifest.xml:23:7-38
86        android:usesCleartextTraffic="true" >
86-->src/debug/AndroidManifest.xml:6:9-44
87        <activity
87-->src/main/AndroidManifest.xml:25:7-38:18
88            android:name="com.bracketsdevphone.MainActivity"
88-->src/main/AndroidManifest.xml:26:9-37
89            android:configChanges="keyboard|keyboardHidden|orientation|screenLayout|screenSize|smallestScreenSize|uiMode"
89-->src/main/AndroidManifest.xml:28:9-118
90            android:exported="true"
90-->src/main/AndroidManifest.xml:33:9-32
91            android:label="@string/app_name"
91-->src/main/AndroidManifest.xml:27:9-41
92            android:launchMode="singleTask"
92-->src/main/AndroidManifest.xml:29:9-40
93            android:showWhenLocked="true"
93-->src/main/AndroidManifest.xml:30:9-38
94            android:turnScreenOn="true"
94-->src/main/AndroidManifest.xml:31:9-36
95            android:windowSoftInputMode="adjustPan" >
95-->src/main/AndroidManifest.xml:32:9-48
96            <intent-filter>
96-->src/main/AndroidManifest.xml:34:9-37:25
97                <action android:name="android.intent.action.MAIN" />
97-->src/main/AndroidManifest.xml:35:13-65
97-->src/main/AndroidManifest.xml:35:21-62
98
99                <category android:name="android.intent.category.LAUNCHER" />
99-->src/main/AndroidManifest.xml:36:13-73
99-->src/main/AndroidManifest.xml:36:23-70
100            </intent-filter>
101        </activity>
102
103        <provider
103-->[:notifee_react-native] AndroidManifest.xml:8:9-12:40
104            android:name="io.invertase.notifee.NotifeeInitProvider"
104-->[:notifee_react-native] AndroidManifest.xml:9:13-68
105            android:authorities="com.bracketsdevphone.notifee-init-provider"
105-->[:notifee_react-native] AndroidManifest.xml:10:13-73
106            android:exported="false"
106-->[:notifee_react-native] AndroidManifest.xml:11:13-37
107            android:initOrder="-100" />
107-->[:notifee_react-native] AndroidManifest.xml:12:13-37
108
109        <service
109-->[:react-native-firebase_messaging] AndroidManifest.xml:12:9-14:40
110            android:name="io.invertase.firebase.messaging.ReactNativeFirebaseMessagingHeadlessService"
110-->[:react-native-firebase_messaging] AndroidManifest.xml:13:13-103
111            android:exported="false" />
111-->[:react-native-firebase_messaging] AndroidManifest.xml:14:13-37
112        <service
112-->[:react-native-firebase_messaging] AndroidManifest.xml:15:9-21:19
113            android:name="io.invertase.firebase.messaging.ReactNativeFirebaseMessagingService"
113-->[:react-native-firebase_messaging] AndroidManifest.xml:16:13-95
114            android:exported="false" >
114-->[:react-native-firebase_messaging] AndroidManifest.xml:17:13-37
115            <intent-filter>
115-->[:react-native-firebase_messaging] AndroidManifest.xml:18:13-20:29
116                <action android:name="com.google.firebase.MESSAGING_EVENT" />
116-->[:react-native-firebase_messaging] AndroidManifest.xml:19:17-78
116-->[:react-native-firebase_messaging] AndroidManifest.xml:19:25-75
117            </intent-filter>
118        </service>
119
120        <receiver
120-->[:react-native-firebase_messaging] AndroidManifest.xml:23:9-30:20
121            android:name="io.invertase.firebase.messaging.ReactNativeFirebaseMessagingReceiver"
121-->[:react-native-firebase_messaging] AndroidManifest.xml:24:13-96
122            android:exported="true"
122-->[:react-native-firebase_messaging] AndroidManifest.xml:25:13-36
123            android:permission="com.google.android.c2dm.permission.SEND" >
123-->[:react-native-firebase_messaging] AndroidManifest.xml:26:13-73
124            <intent-filter>
124-->[:react-native-firebase_messaging] AndroidManifest.xml:27:13-29:29
125                <action android:name="com.google.android.c2dm.intent.RECEIVE" />
125-->[:react-native-firebase_messaging] AndroidManifest.xml:28:17-81
125-->[:react-native-firebase_messaging] AndroidManifest.xml:28:25-78
126            </intent-filter>
127        </receiver>
128
129        <meta-data
129-->[:react-native-firebase_messaging] AndroidManifest.xml:32:9-34:36
130            android:name="firebase_messaging_auto_init_enabled"
130-->[:react-native-firebase_messaging] AndroidManifest.xml:33:13-64
131            android:value="true" />
131-->[:react-native-firebase_messaging] AndroidManifest.xml:34:13-33
132        <meta-data
132-->[:react-native-firebase_messaging] AndroidManifest.xml:35:9-37:32
133            android:name="com.google.firebase.messaging.default_notification_channel_id"
133-->[:react-native-firebase_messaging] AndroidManifest.xml:36:13-89
134            android:value="" />
134-->[:react-native-firebase_messaging] AndroidManifest.xml:37:13-29
135        <meta-data
135-->[:react-native-firebase_messaging] AndroidManifest.xml:38:9-40:47
136            android:name="com.google.firebase.messaging.default_notification_color"
136-->[:react-native-firebase_messaging] AndroidManifest.xml:39:13-84
137            android:resource="@color/white" />
137-->[:react-native-firebase_messaging] AndroidManifest.xml:40:13-44
138        <meta-data
138-->[:react-native-firebase_app] AndroidManifest.xml:9:9-11:36
139            android:name="app_data_collection_default_enabled"
139-->[:react-native-firebase_app] AndroidManifest.xml:10:13-63
140            android:value="true" />
140-->[:react-native-firebase_app] AndroidManifest.xml:11:13-33
141
142        <service
142-->[:react-native-firebase_app] AndroidManifest.xml:13:9-21:19
143            android:name="com.google.firebase.components.ComponentDiscoveryService"
143-->[:react-native-firebase_app] AndroidManifest.xml:14:13-84
144            android:directBootAware="true"
144-->[:react-native-firebase_app] AndroidManifest.xml:15:13-43
145            android:exported="false" >
145-->[:react-native-firebase_app] AndroidManifest.xml:16:13-37
146            <meta-data
146-->[:react-native-firebase_app] AndroidManifest.xml:18:13-20:85
147                android:name="com.google.firebase.components:io.invertase.firebase.app.ReactNativeFirebaseAppRegistrar"
147-->[:react-native-firebase_app] AndroidManifest.xml:19:17-120
148                android:value="com.google.firebase.components.ComponentRegistrar" />
148-->[:react-native-firebase_app] AndroidManifest.xml:20:17-82
149            <meta-data
149-->[com.google.firebase:firebase-messaging:23.4.0] AndroidManifest.xml:57:13-59:85
150                android:name="com.google.firebase.components:com.google.firebase.messaging.FirebaseMessagingKtxRegistrar"
150-->[com.google.firebase:firebase-messaging:23.4.0] AndroidManifest.xml:58:17-122
151                android:value="com.google.firebase.components.ComponentRegistrar" />
151-->[com.google.firebase:firebase-messaging:23.4.0] AndroidManifest.xml:59:17-82
152            <meta-data
152-->[com.google.firebase:firebase-messaging:23.4.0] AndroidManifest.xml:60:13-62:85
153                android:name="com.google.firebase.components:com.google.firebase.messaging.FirebaseMessagingRegistrar"
153-->[com.google.firebase:firebase-messaging:23.4.0] AndroidManifest.xml:61:17-119
154                android:value="com.google.firebase.components.ComponentRegistrar" />
154-->[com.google.firebase:firebase-messaging:23.4.0] AndroidManifest.xml:62:17-82
155            <meta-data
155-->[com.google.android.gms:play-services-measurement-api:21.5.0] AndroidManifest.xml:37:13-39:85
156                android:name="com.google.firebase.components:com.google.firebase.analytics.connector.internal.AnalyticsConnectorRegistrar"
156-->[com.google.android.gms:play-services-measurement-api:21.5.0] AndroidManifest.xml:38:17-139
157                android:value="com.google.firebase.components.ComponentRegistrar" />
157-->[com.google.android.gms:play-services-measurement-api:21.5.0] AndroidManifest.xml:39:17-82
158            <meta-data
158-->[com.google.firebase:firebase-installations:17.2.0] AndroidManifest.xml:15:13-17:85
159                android:name="com.google.firebase.components:com.google.firebase.installations.FirebaseInstallationsKtxRegistrar"
159-->[com.google.firebase:firebase-installations:17.2.0] AndroidManifest.xml:16:17-130
160                android:value="com.google.firebase.components.ComponentRegistrar" />
160-->[com.google.firebase:firebase-installations:17.2.0] AndroidManifest.xml:17:17-82
161            <meta-data
161-->[com.google.firebase:firebase-installations:17.2.0] AndroidManifest.xml:18:13-20:85
162                android:name="com.google.firebase.components:com.google.firebase.installations.FirebaseInstallationsRegistrar"
162-->[com.google.firebase:firebase-installations:17.2.0] AndroidManifest.xml:19:17-127
163                android:value="com.google.firebase.components.ComponentRegistrar" />
163-->[com.google.firebase:firebase-installations:17.2.0] AndroidManifest.xml:20:17-82
164            <meta-data
164-->[com.google.firebase:firebase-common-ktx:20.4.2] AndroidManifest.xml:12:13-14:85
165                android:name="com.google.firebase.components:com.google.firebase.ktx.FirebaseCommonLegacyRegistrar"
165-->[com.google.firebase:firebase-common-ktx:20.4.2] AndroidManifest.xml:13:17-116
166                android:value="com.google.firebase.components.ComponentRegistrar" />
166-->[com.google.firebase:firebase-common-ktx:20.4.2] AndroidManifest.xml:14:17-82
167            <meta-data
167-->[com.google.firebase:firebase-common:20.4.2] AndroidManifest.xml:35:13-37:85
168                android:name="com.google.firebase.components:com.google.firebase.FirebaseCommonKtxRegistrar"
168-->[com.google.firebase:firebase-common:20.4.2] AndroidManifest.xml:36:17-109
169                android:value="com.google.firebase.components.ComponentRegistrar" />
169-->[com.google.firebase:firebase-common:20.4.2] AndroidManifest.xml:37:17-82
170            <meta-data
170-->[com.google.firebase:firebase-datatransport:18.1.7] AndroidManifest.xml:27:13-29:85
171                android:name="com.google.firebase.components:com.google.firebase.datatransport.TransportRegistrar"
171-->[com.google.firebase:firebase-datatransport:18.1.7] AndroidManifest.xml:28:17-115
172                android:value="com.google.firebase.components.ComponentRegistrar" />
172-->[com.google.firebase:firebase-datatransport:18.1.7] AndroidManifest.xml:29:17-82
173        </service>
174
175        <provider
175-->[:react-native-firebase_app] AndroidManifest.xml:23:9-27:38
176            android:name="io.invertase.firebase.app.ReactNativeFirebaseAppInitProvider"
176-->[:react-native-firebase_app] AndroidManifest.xml:24:13-88
177            android:authorities="com.bracketsdevphone.reactnativefirebaseappinitprovider"
177-->[:react-native-firebase_app] AndroidManifest.xml:25:13-86
178            android:exported="false"
178-->[:react-native-firebase_app] AndroidManifest.xml:26:13-37
179            android:initOrder="99" />
179-->[:react-native-firebase_app] AndroidManifest.xml:27:13-35
180
181        <service
181-->[:twilio_voice-react-native-sdk] AndroidManifest.xml:14:9-21:19
182            android:name="com.twiliovoicereactnative.VoiceFirebaseMessagingService"
182-->[:twilio_voice-react-native-sdk] AndroidManifest.xml:15:13-84
183            android:exported="true"
183-->[:twilio_voice-react-native-sdk] AndroidManifest.xml:16:13-36
184            android:stopWithTask="false" >
184-->[:twilio_voice-react-native-sdk] AndroidManifest.xml:17:13-41
185            <intent-filter>
185-->[:react-native-firebase_messaging] AndroidManifest.xml:18:13-20:29
186                <action android:name="com.google.firebase.MESSAGING_EVENT" />
186-->[:react-native-firebase_messaging] AndroidManifest.xml:19:17-78
186-->[:react-native-firebase_messaging] AndroidManifest.xml:19:25-75
187            </intent-filter>
188        </service>
189
190        <receiver
190-->[:twilio_voice-react-native-sdk] AndroidManifest.xml:23:9-37:20
191            android:name="com.twiliovoicereactnative.VoiceNotificationReceiver"
191-->[:twilio_voice-react-native-sdk] AndroidManifest.xml:24:13-80
192            android:exported="false" >
192-->[:twilio_voice-react-native-sdk] AndroidManifest.xml:25:13-37
193            <intent-filter>
193-->[:twilio_voice-react-native-sdk] AndroidManifest.xml:26:13-36:29
194                <action android:name="ACTION_INCOMING_CALL" />
194-->[:twilio_voice-react-native-sdk] AndroidManifest.xml:27:17-63
194-->[:twilio_voice-react-native-sdk] AndroidManifest.xml:27:25-60
195                <action android:name="ACTION_ACCEPT_CALL" />
195-->[:twilio_voice-react-native-sdk] AndroidManifest.xml:28:17-61
195-->[:twilio_voice-react-native-sdk] AndroidManifest.xml:28:25-58
196                <action android:name="ACTION_REJECT_CALL" />
196-->[:twilio_voice-react-native-sdk] AndroidManifest.xml:29:17-61
196-->[:twilio_voice-react-native-sdk] AndroidManifest.xml:29:25-58
197                <action android:name="ACTION_CANCEL_CALL" />
197-->[:twilio_voice-react-native-sdk] AndroidManifest.xml:30:17-61
197-->[:twilio_voice-react-native-sdk] AndroidManifest.xml:30:25-58
198                <action android:name="ACTION_CALL_DISCONNECT" />
198-->[:twilio_voice-react-native-sdk] AndroidManifest.xml:31:17-65
198-->[:twilio_voice-react-native-sdk] AndroidManifest.xml:31:25-62
199                <action android:name="ACTION_RAISE_OUTGOING_CALL_NOTIFICATION" />
199-->[:twilio_voice-react-native-sdk] AndroidManifest.xml:32:17-82
199-->[:twilio_voice-react-native-sdk] AndroidManifest.xml:32:25-79
200                <action android:name="ACTION_CANCEL_NOTIFICATION" />
200-->[:twilio_voice-react-native-sdk] AndroidManifest.xml:33:17-69
200-->[:twilio_voice-react-native-sdk] AndroidManifest.xml:33:25-66
201                <action android:name="ACTION_FOREGROUND_AND_DEPRIORITIZE_INCOMING_CALL_NOTIFICATION" />
201-->[:twilio_voice-react-native-sdk] AndroidManifest.xml:34:17-104
201-->[:twilio_voice-react-native-sdk] AndroidManifest.xml:34:25-101
202                <action android:name="ACTION_FOREGROUND_APPLICATION" />
202-->[:twilio_voice-react-native-sdk] AndroidManifest.xml:35:17-72
202-->[:twilio_voice-react-native-sdk] AndroidManifest.xml:35:25-69
203            </intent-filter>
204        </receiver>
205
206        <provider
206-->[:react-native-image-picker] AndroidManifest.xml:8:9-16:20
207            android:name="com.imagepicker.ImagePickerProvider"
207-->[:react-native-image-picker] AndroidManifest.xml:9:13-63
208            android:authorities="com.bracketsdevphone.imagepickerprovider"
208-->[:react-native-image-picker] AndroidManifest.xml:10:13-71
209            android:exported="false"
209-->[:react-native-image-picker] AndroidManifest.xml:11:13-37
210            android:grantUriPermissions="true" >
210-->[:react-native-image-picker] AndroidManifest.xml:12:13-47
211            <meta-data
211-->[:react-native-image-picker] AndroidManifest.xml:13:13-15:70
212                android:name="android.support.FILE_PROVIDER_PATHS"
212-->[:react-native-image-picker] AndroidManifest.xml:14:17-67
213                android:resource="@xml/imagepicker_provider_paths" />
213-->[:react-native-image-picker] AndroidManifest.xml:15:17-67
214        </provider>
215
216        <activity
216-->[com.facebook.react:react-android:0.73.1] AndroidManifest.xml:19:9-21:40
217            android:name="com.facebook.react.devsupport.DevSettingsActivity"
217-->[com.facebook.react:react-android:0.73.1] AndroidManifest.xml:20:13-77
218            android:exported="false" />
218-->[com.facebook.react:react-android:0.73.1] AndroidManifest.xml:21:13-37
219
220        <receiver
220-->[com.google.firebase:firebase-messaging:23.4.0] AndroidManifest.xml:29:9-40:20
221            android:name="com.google.firebase.iid.FirebaseInstanceIdReceiver"
221-->[com.google.firebase:firebase-messaging:23.4.0] AndroidManifest.xml:30:13-78
222            android:exported="true"
222-->[com.google.firebase:firebase-messaging:23.4.0] AndroidManifest.xml:31:13-36
223            android:permission="com.google.android.c2dm.permission.SEND" >
223-->[com.google.firebase:firebase-messaging:23.4.0] AndroidManifest.xml:32:13-73
224            <intent-filter>
224-->[:react-native-firebase_messaging] AndroidManifest.xml:27:13-29:29
225                <action android:name="com.google.android.c2dm.intent.RECEIVE" />
225-->[:react-native-firebase_messaging] AndroidManifest.xml:28:17-81
225-->[:react-native-firebase_messaging] AndroidManifest.xml:28:25-78
226            </intent-filter>
227
228            <meta-data
228-->[com.google.firebase:firebase-messaging:23.4.0] AndroidManifest.xml:37:13-39:40
229                android:name="com.google.android.gms.cloudmessaging.FINISHED_AFTER_HANDLED"
229-->[com.google.firebase:firebase-messaging:23.4.0] AndroidManifest.xml:38:17-92
230                android:value="true" />
230-->[com.google.firebase:firebase-messaging:23.4.0] AndroidManifest.xml:39:17-37
231        </receiver>
232        <!--
233             FirebaseMessagingService performs security checks at runtime,
234             but set to not exported to explicitly avoid allowing another app to call it.
235        -->
236        <service
236-->[com.google.firebase:firebase-messaging:23.4.0] AndroidManifest.xml:46:9-53:19
237            android:name="com.google.firebase.messaging.FirebaseMessagingService"
237-->[com.google.firebase:firebase-messaging:23.4.0] AndroidManifest.xml:47:13-82
238            android:directBootAware="true"
238-->[com.google.firebase:firebase-messaging:23.4.0] AndroidManifest.xml:48:13-43
239            android:exported="false" >
239-->[com.google.firebase:firebase-messaging:23.4.0] AndroidManifest.xml:49:13-37
240            <intent-filter android:priority="-500" >
240-->[:react-native-firebase_messaging] AndroidManifest.xml:18:13-20:29
241                <action android:name="com.google.firebase.MESSAGING_EVENT" />
241-->[:react-native-firebase_messaging] AndroidManifest.xml:19:17-78
241-->[:react-native-firebase_messaging] AndroidManifest.xml:19:25-75
242            </intent-filter>
243        </service>
244